<?xml version="1.0" encoding="UTF-8"?>
<testng-results ignored="0" total="3" passed="3" failed="0" skipped="0">
  <reporter-output>
  </reporter-output>
  <suite started-at="2022-09-30T09:56:36 IST" name="Suite" finished-at="2022-09-30T09:58:09 IST" duration-ms="93222">
    <groups>
    </groups>
    <test started-at="2022-09-30T09:56:36 IST" name="Test" finished-at="2022-09-30T09:58:09 IST" duration-ms="93222">
      <class name="com.test.Testing">
        <test-method is-config="true" signature="startbrowser()[pri:0, instance:com.test.Testing@24269709]" started-at="2022-09-30T09:56:36 IST" name="startbrowser" finished-at="2022-09-30T09:56:41 IST" duration-ms="5399" status="PASS">
          <reporter-output>
          </reporter-output>
        </test-method> <!-- startbrowser -->
        <test-method signature="register()[pri:1, instance:com.test.Testing@24269709]" started-at="2022-09-30T09:56:41 IST" name="register" finished-at="2022-09-30T09:57:15 IST" duration-ms="34077" status="PASS">
          <reporter-output>
          </reporter-output>
        </test-method> <!-- register -->
        <test-method is-config="true" signature="closeBrowser()[pri:0, instance:com.test.Testing@24269709]" started-at="2022-09-30T09:57:15 IST" name="closeBrowser" finished-at="2022-09-30T09:57:15 IST" duration-ms="212" status="PASS">
          <reporter-output>
          </reporter-output>
        </test-method> <!-- closeBrowser -->
        <test-method is-config="true" signature="startbrowser()[pri:0, instance:com.test.Testing@24269709]" started-at="2022-09-30T09:57:15 IST" name="startbrowser" finished-at="2022-09-30T09:57:20 IST" duration-ms="4594" status="PASS">
          <reporter-output>
          </reporter-output>
        </test-method> <!-- startbrowser -->
        <test-method signature="login()[pri:2, instance:com.test.Testing@24269709]" started-at="2022-09-30T09:57:20 IST" name="login" finished-at="2022-09-30T09:57:37 IST" duration-ms="17476" status="PASS">
          <reporter-output>
          </reporter-output>
        </test-method> <!-- login -->
        <test-method is-config="true" signature="closeBrowser()[pri:0, instance:com.test.Testing@24269709]" started-at="2022-09-30T09:57:38 IST" name="closeBrowser" finished-at="2022-09-30T09:57:38 IST" duration-ms="176" status="PASS">
          <reporter-output>
          </reporter-output>
        </test-method> <!-- closeBrowser -->
        <test-method is-config="true" signature="startbrowser()[pri:0, instance:com.test.Testing@24269709]" started-at="2022-09-30T09:57:38 IST" name="startbrowser" finished-at="2022-09-30T09:57:42 IST" duration-ms="4801" status="PASS">
          <reporter-output>
          </reporter-output>
        </test-method> <!-- startbrowser -->
        <test-method signature="addToCart()[pri:3, instance:com.test.Testing@24269709]" started-at="2022-09-30T09:57:42 IST" name="addToCart" finished-at="2022-09-30T09:58:09 IST" duration-ms="26271" status="PASS">
          <reporter-output>
          </reporter-output>
        </test-method> <!-- addToCart -->
        <test-method is-config="true" signature="closeBrowser()[pri:0, instance:com.test.Testing@24269709]" started-at="2022-09-30T09:58:09 IST" name="closeBrowser" finished-at="2022-09-30T09:58:09 IST" duration-ms="143" status="PASS">
          <reporter-output>
          </reporter-output>
        </test-method> <!-- closeBrowser -->
      </class> <!-- com.test.Testing -->
    </test> <!-- Test -->
  </suite> <!-- Suite -->
</testng-results>
