<?xml version="1.0" encoding="UTF-8"?>
<testng-results ignored="0" total="12" passed="12" failed="0" skipped="0">
  <reporter-output>
  </reporter-output>
  <suite started-at="2022-10-11T09:24:03 IST" name="Suite" finished-at="2022-10-11T09:26:19 IST" duration-ms="135390">
    <groups>
    </groups>
    <test started-at="2022-10-11T09:24:03 IST" name="TestonChrome" finished-at="2022-10-11T09:25:34 IST" duration-ms="90354">
      <class name="com.test.TestNGClass">
        <test-method is-config="true" signature="launchapp(java.lang.String)[pri:0, instance:com.test.TestNGClass@65d09a04]" started-at="2022-10-11T09:24:03 IST" name="launchapp" finished-at="2022-10-11T09:24:49 IST" duration-ms="45209" status="PASS">
          <params>
            <param index="0">
              <value>
                <![CDATA[chrome]]>
              </value>
            </param>
          </params>
          <reporter-output>
          </reporter-output>
        </test-method> <!-- launchapp -->
        <test-method signature="closelogin()[pri:1, instance:com.test.TestNGClass@65d09a04]" started-at="2022-10-11T09:24:49 IST" name="closelogin" finished-at="2022-10-11T09:24:52 IST" duration-ms="3152" status="PASS">
          <reporter-output>
          </reporter-output>
        </test-method> <!-- closelogin -->
        <test-method signature="mobile()[pri:2, instance:com.test.TestNGClass@65d09a04]" started-at="2022-10-11T09:24:52 IST" name="mobile" finished-at="2022-10-11T09:25:01 IST" duration-ms="9337" status="PASS">
          <reporter-output>
          </reporter-output>
        </test-method> <!-- mobile -->
        <test-method signature="ScrollBar()[pri:3, instance:com.test.TestNGClass@65d09a04]" started-at="2022-10-11T09:25:01 IST" name="ScrollBar" finished-at="2022-10-11T09:25:01 IST" duration-ms="21" status="PASS">
          <reporter-output>
          </reporter-output>
        </test-method> <!-- ScrollBar -->
        <test-method signature="scroll()[pri:4, instance:com.test.TestNGClass@65d09a04]" started-at="2022-10-11T09:25:01 IST" name="scroll" finished-at="2022-10-11T09:25:11 IST" duration-ms="10077" status="PASS">
          <reporter-output>
          </reporter-output>
        </test-method> <!-- scroll -->
        <test-method signature="scrolltoProduct()[pri:5, instance:com.test.TestNGClass@65d09a04]" started-at="2022-10-11T09:25:11 IST" name="scrolltoProduct" finished-at="2022-10-11T09:25:16 IST" duration-ms="5047" status="PASS">
          <reporter-output>
          </reporter-output>
        </test-method> <!-- scrolltoProduct -->
        <test-method signature="loadImage()[pri:6, instance:com.test.TestNGClass@65d09a04]" started-at="2022-10-11T09:25:16 IST" name="loadImage" finished-at="2022-10-11T09:25:31 IST" duration-ms="15003" status="PASS">
          <reporter-output>
          </reporter-output>
        </test-method> <!-- loadImage -->
        <test-method is-config="true" signature="closeBrowser()[pri:0, instance:com.test.TestNGClass@65d09a04]" started-at="2022-10-11T09:25:31 IST" name="closeBrowser" finished-at="2022-10-11T09:25:34 IST" duration-ms="2443" status="PASS">
          <reporter-output>
          </reporter-output>
        </test-method> <!-- closeBrowser -->
      </class> <!-- com.test.TestNGClass -->
    </test> <!-- TestonChrome -->
    <test started-at="2022-10-11T09:24:03 IST" name="TestonFirefox" finished-at="2022-10-11T09:26:19 IST" duration-ms="135390">
      <class name="com.test.TestNGClass">
        <test-method is-config="true" signature="launchapp(java.lang.String)[pri:0, instance:com.test.TestNGClass@6a03bcb1]" started-at="2022-10-11T09:24:03 IST" name="launchapp" finished-at="2022-10-11T09:25:32 IST" duration-ms="89031" status="PASS">
          <params>
            <param index="0">
              <value>
                <![CDATA[firefox]]>
              </value>
            </param>
          </params>
          <reporter-output>
          </reporter-output>
        </test-method> <!-- launchapp -->
        <test-method signature="closelogin()[pri:1, instance:com.test.TestNGClass@6a03bcb1]" started-at="2022-10-11T09:25:32 IST" name="closelogin" finished-at="2022-10-11T09:25:36 IST" duration-ms="3323" status="PASS">
          <reporter-output>
          </reporter-output>
        </test-method> <!-- closelogin -->
        <test-method signature="mobile()[pri:2, instance:com.test.TestNGClass@6a03bcb1]" started-at="2022-10-11T09:25:36 IST" name="mobile" finished-at="2022-10-11T09:25:45 IST" duration-ms="9589" status="PASS">
          <reporter-output>
          </reporter-output>
        </test-method> <!-- mobile -->
        <test-method signature="ScrollBar()[pri:3, instance:com.test.TestNGClass@6a03bcb1]" started-at="2022-10-11T09:25:45 IST" name="ScrollBar" finished-at="2022-10-11T09:25:45 IST" duration-ms="18" status="PASS">
          <reporter-output>
          </reporter-output>
        </test-method> <!-- ScrollBar -->
        <test-method signature="scroll()[pri:4, instance:com.test.TestNGClass@6a03bcb1]" started-at="2022-10-11T09:25:45 IST" name="scroll" finished-at="2022-10-11T09:25:55 IST" duration-ms="10050" status="PASS">
          <reporter-output>
          </reporter-output>
        </test-method> <!-- scroll -->
        <test-method signature="scrolltoProduct()[pri:5, instance:com.test.TestNGClass@6a03bcb1]" started-at="2022-10-11T09:25:55 IST" name="scrolltoProduct" finished-at="2022-10-11T09:26:00 IST" duration-ms="5056" status="PASS">
          <reporter-output>
          </reporter-output>
        </test-method> <!-- scrolltoProduct -->
        <test-method signature="loadImage()[pri:6, instance:com.test.TestNGClass@6a03bcb1]" started-at="2022-10-11T09:26:00 IST" name="loadImage" finished-at="2022-10-11T09:26:16 IST" duration-ms="15472" status="PASS">
          <reporter-output>
          </reporter-output>
        </test-method> <!-- loadImage -->
        <test-method is-config="true" signature="closeBrowser()[pri:0, instance:com.test.TestNGClass@6a03bcb1]" started-at="2022-10-11T09:26:16 IST" name="closeBrowser" finished-at="2022-10-11T09:26:19 IST" duration-ms="2812" status="PASS">
          <reporter-output>
          </reporter-output>
        </test-method> <!-- closeBrowser -->
      </class> <!-- com.test.TestNGClass -->
    </test> <!-- TestonFirefox -->
  </suite> <!-- Suite -->
</testng-results>
