<?xml version="1.0" encoding="UTF-8"?>
<!-- Generated by org.testng.reporters.JUnitXMLReporter -->
<testsuite ignored="0" hostname="DESKTOP-QGRJC6G" failures="0" tests="9" name="Default test" time="126.935" errors="0" timestamp="2022-10-13T12:16:49 IST">
  <testcase classname="com.driveyway.DriveYourWayTests" name="userlogin" time="26.43"/>
  <testcase classname="com.driveyway.DriveYourWayTests" name="ScrollBar" time="2.041"/>
  <testcase classname="com.driveyway.DriveYourWayTests" name="scroll" time="7.064"/>
  <testcase classname="com.driveyway.DriveYourWayTests" name="car" time="17.52"/>
  <testcase classname="com.driveyway.DriveYourWayTests" name="search" time="10.24"/>
  <testcase classname="com.driveyway.DriveYourWayTests" name="cart" time="10.771"/>
  <testcase classname="com.driveyway.DriveYourWayTests" name="sellcar" time="19.049"/>
  <testcase classname="com.driveyway.DriveYourWayTests" name="adminlogin" time="11.078"/>
  <testcase classname="com.driveyway.DriveYourWayTests" name="addproduct" time="18.891"/>
</testsuite> <!-- Default test -->
