<?xml version="1.0" encoding="UTF-8"?>
<!-- Generated by org.testng.reporters.JUnitXMLReporter -->
<testsuite ignored="0" hostname="DESKTOP-QGRJC6G" failures="0" tests="6" name="TestonChrome" time="90.354" errors="0" timestamp="2022-10-11T09:25:34 IST">
  <testcase classname="com.test.TestNGClass" name="closelogin" time="3.152"/>
  <testcase classname="com.test.TestNGClass" name="mobile" time="9.337"/>
  <testcase classname="com.test.TestNGClass" name="ScrollBar" time="0.021"/>
  <testcase classname="com.test.TestNGClass" name="scroll" time="10.077"/>
  <testcase classname="com.test.TestNGClass" name="scrolltoProduct" time="5.047"/>
  <testcase classname="com.test.TestNGClass" name="loadImage" time="15.003"/>
</testsuite> <!-- TestonChrome -->
