<?xml version="1.0" encoding="UTF-8"?>
<!-- Generated by org.testng.reporters.JUnitXMLReporter -->
<testsuite ignored="0" hostname="DESKTOP-QGRJC6G" failures="0" tests="6" name="TestonFirefox" time="135.39" errors="0" timestamp="2022-10-11T09:26:19 IST">
  <testcase classname="com.test.TestNGClass" name="closelogin" time="3.323"/>
  <testcase classname="com.test.TestNGClass" name="mobile" time="9.589"/>
  <testcase classname="com.test.TestNGClass" name="ScrollBar" time="0.018"/>
  <testcase classname="com.test.TestNGClass" name="scroll" time="10.05"/>
  <testcase classname="com.test.TestNGClass" name="scrolltoProduct" time="5.056"/>
  <testcase classname="com.test.TestNGClass" name="loadImage" time="15.472"/>
</testsuite> <!-- TestonFirefox -->
