<?xml version="1.0" encoding="UTF-8"?>
<testng-results ignored="0" total="9" passed="9" failed="0" skipped="0">
  <reporter-output>
  </reporter-output>
  <suite started-at="2022-10-13T12:14:42 IST" name="Default suite" finished-at="2022-10-13T12:16:49 IST" duration-ms="126935">
    <groups>
    </groups>
    <test started-at="2022-10-13T12:14:42 IST" name="Default test" finished-at="2022-10-13T12:16:49 IST" duration-ms="126935">
      <class name="com.driveyway.DriveYourWayTests">
        <test-method is-config="true" signature="launchapp()[pri:0, instance:com.driveyway.DriveYourWayTests@7f0eb4b4]" started-at="2022-10-13T12:14:42 IST" name="launchapp" finished-at="2022-10-13T12:14:46 IST" duration-ms="3643" status="PASS">
          <reporter-output>
          </reporter-output>
        </test-method> <!-- launchapp -->
        <test-method signature="userlogin()[pri:1, instance:com.driveyway.DriveYourWayTests@7f0eb4b4]" started-at="2022-10-13T12:14:46 IST" name="userlogin" finished-at="2022-10-13T12:15:12 IST" duration-ms="26430" status="PASS">
          <reporter-output>
          </reporter-output>
        </test-method> <!-- userlogin -->
        <test-method signature="ScrollBar()[pri:2, instance:com.driveyway.DriveYourWayTests@7f0eb4b4]" started-at="2022-10-13T12:15:12 IST" name="ScrollBar" finished-at="2022-10-13T12:15:14 IST" duration-ms="2041" status="PASS">
          <reporter-output>
          </reporter-output>
        </test-method> <!-- ScrollBar -->
        <test-method signature="scroll()[pri:3, instance:com.driveyway.DriveYourWayTests@7f0eb4b4]" started-at="2022-10-13T12:15:14 IST" name="scroll" finished-at="2022-10-13T12:15:21 IST" duration-ms="7064" status="PASS">
          <reporter-output>
          </reporter-output>
        </test-method> <!-- scroll -->
        <test-method signature="car()[pri:4, instance:com.driveyway.DriveYourWayTests@7f0eb4b4]" started-at="2022-10-13T12:15:21 IST" name="car" finished-at="2022-10-13T12:15:39 IST" duration-ms="17520" status="PASS">
          <reporter-output>
          </reporter-output>
        </test-method> <!-- car -->
        <test-method signature="search()[pri:5, instance:com.driveyway.DriveYourWayTests@7f0eb4b4]" started-at="2022-10-13T12:15:39 IST" name="search" finished-at="2022-10-13T12:15:49 IST" duration-ms="10240" status="PASS">
          <reporter-output>
          </reporter-output>
        </test-method> <!-- search -->
        <test-method signature="cart()[pri:6, instance:com.driveyway.DriveYourWayTests@7f0eb4b4]" started-at="2022-10-13T12:15:49 IST" name="cart" finished-at="2022-10-13T12:16:00 IST" duration-ms="10771" status="PASS">
          <reporter-output>
          </reporter-output>
        </test-method> <!-- cart -->
        <test-method signature="sellcar()[pri:7, instance:com.driveyway.DriveYourWayTests@7f0eb4b4]" started-at="2022-10-13T12:16:00 IST" name="sellcar" finished-at="2022-10-13T12:16:19 IST" duration-ms="19049" status="PASS">
          <reporter-output>
          </reporter-output>
        </test-method> <!-- sellcar -->
        <test-method signature="adminlogin()[pri:8, instance:com.driveyway.DriveYourWayTests@7f0eb4b4]" started-at="2022-10-13T12:16:19 IST" name="adminlogin" finished-at="2022-10-13T12:16:30 IST" duration-ms="11078" status="PASS">
          <reporter-output>
          </reporter-output>
        </test-method> <!-- adminlogin -->
        <test-method signature="addproduct()[pri:9, instance:com.driveyway.DriveYourWayTests@7f0eb4b4]" started-at="2022-10-13T12:16:30 IST" name="addproduct" finished-at="2022-10-13T12:16:49 IST" duration-ms="18891" status="PASS">
          <reporter-output>
          </reporter-output>
        </test-method> <!-- addproduct -->
        <test-method is-config="true" signature="closeBrowser()[pri:0, instance:com.driveyway.DriveYourWayTests@7f0eb4b4]" started-at="2022-10-13T12:16:49 IST" name="closeBrowser" finished-at="2022-10-13T12:16:49 IST" duration-ms="142" status="PASS">
          <reporter-output>
          </reporter-output>
        </test-method> <!-- closeBrowser -->
      </class> <!-- com.driveyway.DriveYourWayTests -->
    </test> <!-- Default test -->
  </suite> <!-- Default suite -->
</testng-results>
